[1007/200041.899:ERROR:crash_report_database_win.cc(580)] CreateDirectory C:\Program Files (x86)\Hothair\Reports\Dump: The system cannot find the path specified. (0x3)
[1007/200041.911:ERROR:registration_protocol_win.cc(131)] TransactNamedPipe: The pipe has been ended. (0x6D)
[1007/200041.913:ERROR:crash_report_database_win.cc(580)] CreateDirectory C:\Program Files (x86)\Hothair\Reports\Dump: The system cannot find the path specified. (0x3)
[1007/200220.193:ERROR:crash_report_database_win.cc(580)] CreateDirectory C:\Program Files (x86)\Hothair\Reports\Dump: The system cannot find the path specified. (0x3)
[1007/200220.205:ERROR:registration_protocol_win.cc(131)] TransactNamedPipe: The pipe has been ended. (0x6D)
[1007/200220.207:ERROR:crash_report_database_win.cc(580)] CreateDirectory C:\Program Files (x86)\Hothair\Reports\Dump: The system cannot find the path specified. (0x3)
[1007/211919.057:ERROR:crash_report_database_win.cc(580)] CreateDirectory C:\Program Files (x86)\Hothair\Reports\Dump: The system cannot find the path specified. (0x3)
[1007/211919.119:ERROR:registration_protocol_win.cc(131)] TransactNamedPipe: The pipe has been ended. (0x6D)
[1007/211919.135:ERROR:crash_report_database_win.cc(580)] CreateDirectory C:\Program Files (x86)\Hothair\Reports\Dump: The system cannot find the path specified. (0x3)
[1007/213951.036:ERROR:crash_report_database_win.cc(580)] CreateDirectory C:\Program Files (x86)\Hothair\Reports\Dump: The system cannot find the path specified. (0x3)
[1007/213951.100:ERROR:registration_protocol_win.cc(131)] TransactNamedPipe: The pipe has been ended. (0x6D)
[1007/213951.100:ERROR:crash_report_database_win.cc(580)] CreateDirectory C:\Program Files (x86)\Hothair\Reports\Dump: The system cannot find the path specified. (0x3)
[1007/214521.621:ERROR:crash_report_database_win.cc(580)] CreateDirectory C:\Program Files (x86)\Hothair\Reports\Dump: The system cannot find the path specified. (0x3)
[1007/214521.637:ERROR:registration_protocol_win.cc(131)] TransactNamedPipe: The pipe has been ended. (0x6D)
[1007/214521.645:ERROR:crash_report_database_win.cc(580)] CreateDirectory C:\Program Files (x86)\Hothair\Reports\Dump: The system cannot find the path specified. (0x3)
[1009/092041.767:ERROR:crash_report_database_win.cc(580)] CreateDirectory C:\Program Files (x86)\Hothair\Reports\Dump: The system cannot find the path specified. (0x3)
[1009/092041.799:ERROR:registration_protocol_win.cc(131)] TransactNamedPipe: The pipe has been ended. (0x6D)
[1009/092041.799:ERROR:crash_report_database_win.cc(580)] CreateDirectory C:\Program Files (x86)\Hothair\Reports\Dump: The system cannot find the path specified. (0x3)
[1009/142050.761:ERROR:crash_report_database_win.cc(580)] CreateDirectory C:\Program Files (x86)\Hothair\Reports\Dump: The system cannot find the path specified. (0x3)
[1009/142050.844:ERROR:registration_protocol_win.cc(131)] TransactNamedPipe: The pipe has been ended. (0x6D)
[1009/142050.846:ERROR:crash_report_database_win.cc(580)] CreateDirectory C:\Program Files (x86)\Hothair\Reports\Dump: The system cannot find the path specified. (0x3)
[1009/173106.087:ERROR:crash_report_database_win.cc(580)] CreateDirectory C:\Program Files (x86)\Hothair\Reports\Dump: The system cannot find the path specified. (0x3)
[1009/173106.457:ERROR:registration_protocol_win.cc(131)] TransactNamedPipe: The pipe has been ended. (0x6D)
[1009/173106.457:ERROR:crash_report_database_win.cc(580)] CreateDirectory C:\Program Files (x86)\Hothair\Reports\Dump: The system cannot find the path specified. (0x3)
[1009/220915.554:ERROR:crash_report_database_win.cc(580)] CreateDirectory C:\Program Files (x86)\Hothair\Reports\Dump: The system cannot find the path specified. (0x3)
[1009/220915.901:ERROR:registration_protocol_win.cc(131)] TransactNamedPipe: The pipe has been ended. (0x6D)
[1009/220915.904:ERROR:crash_report_database_win.cc(580)] CreateDirectory C:\Program Files (x86)\Hothair\Reports\Dump: The system cannot find the path specified. (0x3)
[1009/221855.242:ERROR:crash_report_database_win.cc(580)] CreateDirectory C:\Program Files (x86)\Hothair\Reports\Dump: The system cannot find the path specified. (0x3)
[1009/221855.270:ERROR:registration_protocol_win.cc(131)] TransactNamedPipe: The pipe has been ended. (0x6D)
[1009/221855.270:ERROR:crash_report_database_win.cc(580)] CreateDirectory C:\Program Files (x86)\Hothair\Reports\Dump: The system cannot find the path specified. (0x3)
[1010/055104.356:ERROR:crash_report_database_win.cc(609)] CreateDirectory C:\Program Files (x86)\Hothair\Reports\Dump: The system cannot find the path specified. (0x3)
[1010/055105.140:ERROR:registration_protocol_win.cc(131)] TransactNamedPipe: The pipe has been ended. (0x6D)
[1010/055105.314:ERROR:crash_report_database_win.cc(609)] CreateDirectory C:\Program Files (x86)\Hothair\Reports\Dump: The system cannot find the path specified. (0x3)
[1010/060529.472:ERROR:crash_report_database_win.cc(609)] CreateDirectory C:\Program Files (x86)\Hothair\Reports\Dump: The system cannot find the path specified. (0x3)
[1010/060529.476:ERROR:exit_code_watcher_win.cc(87)] Failed to wait for process exit or stop event
[1010/060529.485:ERROR:registration_protocol_win.cc(131)] TransactNamedPipe: The pipe has been ended. (0x6D)
[1010/060529.570:ERROR:crash_report_database_win.cc(609)] CreateDirectory C:\Program Files (x86)\Hothair\Reports\Dump: The system cannot find the path specified. (0x3)
[1010/120645.142:ERROR:crash_report_database_win.cc(609)] CreateDirectory C:\Program Files (x86)\Hothair\Reports\Dump: The system cannot find the path specified. (0x3)
[1010/120645.322:ERROR:registration_protocol_win.cc(131)] TransactNamedPipe: The pipe has been ended. (0x6D)
[1010/120645.367:ERROR:crash_report_database_win.cc(609)] CreateDirectory C:\Program Files (x86)\Hothair\Reports\Dump: The system cannot find the path specified. (0x3)
[1010/182753.246:ERROR:crash_report_database_win.cc(609)] CreateDirectory C:\Program Files (x86)\Hothair\Reports\Dump: The system cannot find the path specified. (0x3)
[1010/182753.395:ERROR:registration_protocol_win.cc(131)] TransactNamedPipe: The pipe has been ended. (0x6D)
[1010/182753.557:ERROR:crash_report_database_win.cc(609)] CreateDirectory C:\Program Files (x86)\Hothair\Reports\Dump: The system cannot find the path specified. (0x3)
[1011/091403.320:ERROR:crash_report_database_win.cc(609)] CreateDirectory C:\Program Files (x86)\Hothair\Reports\Dump: The system cannot find the path specified. (0x3)
[1011/091403.345:ERROR:registration_protocol_win.cc(131)] TransactNamedPipe: The pipe has been ended. (0x6D)
[1011/091403.416:ERROR:crash_report_database_win.cc(609)] CreateDirectory C:\Program Files (x86)\Hothair\Reports\Dump: The system cannot find the path specified. (0x3)
[1011/113611.332:ERROR:crash_report_database_win.cc(609)] CreateDirectory C:\Program Files (x86)\Hothair\Reports\Dump: The system cannot find the path specified. (0x3)
[1011/113611.397:ERROR:registration_protocol_win.cc(131)] TransactNamedPipe: The pipe has been ended. (0x6D)
[1011/113611.407:ERROR:crash_report_database_win.cc(609)] CreateDirectory C:\Program Files (x86)\Hothair\Reports\Dump: The system cannot find the path specified. (0x3)
[1011/171822.107:ERROR:crash_report_database_win.cc(609)] CreateDirectory C:\Program Files (x86)\Hothair\Reports\Dump: The system cannot find the path specified. (0x3)
[1011/171822.202:ERROR:registration_protocol_win.cc(131)] TransactNamedPipe: The pipe has been ended. (0x6D)
[1011/171822.207:ERROR:crash_report_database_win.cc(609)] CreateDirectory C:\Program Files (x86)\Hothair\Reports\Dump: The system cannot find the path specified. (0x3)
[1011/181514.279:ERROR:crash_report_database_win.cc(609)] CreateDirectory C:\Program Files (x86)\Hothair\Reports\Dump: The system cannot find the path specified. (0x3)
[1011/181514.294:ERROR:registration_protocol_win.cc(131)] TransactNamedPipe: The pipe has been ended. (0x6D)
[1011/181514.296:ERROR:crash_report_database_win.cc(609)] CreateDirectory C:\Program Files (x86)\Hothair\Reports\Dump: The system cannot find the path specified. (0x3)
[1011/212710.083:ERROR:crash_report_database_win.cc(609)] CreateDirectory C:\Program Files (x86)\Hothair\Reports\Dump: The system cannot find the path specified. (0x3)
[1011/212710.251:ERROR:registration_protocol_win.cc(131)] TransactNamedPipe: The pipe has been ended. (0x6D)
[1011/212710.251:ERROR:crash_report_database_win.cc(609)] CreateDirectory C:\Program Files (x86)\Hothair\Reports\Dump: The system cannot find the path specified. (0x3)
[1011/231718.607:ERROR:crash_report_database_win.cc(609)] CreateDirectory C:\Program Files (x86)\Hothair\Reports\Dump: The system cannot find the path specified. (0x3)
[1011/231718.697:ERROR:registration_protocol_win.cc(131)] TransactNamedPipe: The pipe has been ended. (0x6D)
[1011/231718.705:ERROR:crash_report_database_win.cc(609)] CreateDirectory C:\Program Files (x86)\Hothair\Reports\Dump: The system cannot find the path specified. (0x3)
[1012/133039.480:ERROR:crash_report_database_win.cc(609)] CreateDirectory C:\Program Files (x86)\Hothair\Reports\Dump: The system cannot find the path specified. (0x3)
[1012/133039.520:ERROR:registration_protocol_win.cc(131)] TransactNamedPipe: The pipe has been ended. (0x6D)
[1012/133039.520:ERROR:crash_report_database_win.cc(609)] CreateDirectory C:\Program Files (x86)\Hothair\Reports\Dump: The system cannot find the path specified. (0x3)
[1012/162004.106:ERROR:crash_report_database_win.cc(609)] CreateDirectory C:\Program Files (x86)\Hothair\Reports\Dump\reports: Access is denied. (0x5)
[1012/162004.226:ERROR:registration_protocol_win.cc(131)] TransactNamedPipe: The pipe has been ended. (0x6D)
[1012/162004.230:ERROR:crash_report_database_win.cc(609)] CreateDirectory C:\Program Files (x86)\Hothair\Reports\Dump\reports: Access is denied. (0x5)
[1012/190854.723:ERROR:crash_report_database_win.cc(609)] CreateDirectory C:\Program Files (x86)\Hothair\Reports\Dump\reports: Access is denied. (0x5)
[1012/190854.831:ERROR:registration_protocol_win.cc(131)] TransactNamedPipe: The pipe has been ended. (0x6D)
[1012/190854.927:ERROR:crash_report_database_win.cc(609)] CreateDirectory C:\Program Files (x86)\Hothair\Reports\Dump\reports: Access is denied. (0x5)
[1012/214212.753:ERROR:crash_report_database_win.cc(609)] CreateDirectory C:\Program Files (x86)\Hothair\Reports\Dump\reports: Access is denied. (0x5)
[1012/214212.778:ERROR:registration_protocol_win.cc(131)] TransactNamedPipe: The pipe has been ended. (0x6D)
[1012/214212.783:ERROR:crash_report_database_win.cc(609)] CreateDirectory C:\Program Files (x86)\Hothair\Reports\Dump\reports: Access is denied. (0x5)
[1013/163926.958:ERROR:crash_report_database_win.cc(609)] CreateDirectory C:\Program Files (x86)\Hothair\Reports\Dump\reports: Access is denied. (0x5)
[1013/163927.143:ERROR:registration_protocol_win.cc(131)] TransactNamedPipe: The pipe has been ended. (0x6D)
[1013/163927.148:ERROR:crash_report_database_win.cc(609)] CreateDirectory C:\Program Files (x86)\Hothair\Reports\Dump\reports: Access is denied. (0x5)
[1013/203902.158:ERROR:crash_report_database_win.cc(609)] CreateDirectory C:\Program Files (x86)\Hothair\Reports\Dump\reports: Access is denied. (0x5)
[1013/203902.374:ERROR:registration_protocol_win.cc(131)] TransactNamedPipe: The pipe has been ended. (0x6D)
[1013/203902.382:ERROR:crash_report_database_win.cc(609)] CreateDirectory C:\Program Files (x86)\Hothair\Reports\Dump\reports: Access is denied. (0x5)
[1013/221729.286:ERROR:crash_report_database_win.cc(609)] CreateDirectory C:\Program Files (x86)\Hothair\Reports\Dump\reports: Access is denied. (0x5)
[1013/221729.371:ERROR:registration_protocol_win.cc(131)] TransactNamedPipe: The pipe has been ended. (0x6D)
[1013/221729.376:ERROR:crash_report_database_win.cc(609)] CreateDirectory C:\Program Files (x86)\Hothair\Reports\Dump\reports: Access is denied. (0x5)
[1014/060523.358:ERROR:file_io_win.cc(180)] CreateFile C:\Program Files (x86)\Hothair\Reports\Dump\settings.dat: Access is denied. (0x5)
[1014/060523.411:ERROR:registration_protocol_win.cc(131)] TransactNamedPipe: The pipe has been ended. (0x6D)
[1014/060523.415:ERROR:file_io_win.cc(180)] CreateFile C:\Program Files (x86)\Hothair\Reports\Dump\settings.dat: Access is denied. (0x5)
[1014/062428.442:ERROR:file_io_win.cc(180)] CreateFile C:\Program Files (x86)\Hothair\Reports\Dump\settings.dat: Access is denied. (0x5)
[1014/062428.512:ERROR:registration_protocol_win.cc(131)] TransactNamedPipe: The pipe has been ended. (0x6D)
[1014/062428.520:ERROR:file_io_win.cc(180)] CreateFile C:\Program Files (x86)\Hothair\Reports\Dump\settings.dat: Access is denied. (0x5)
[1022/182241.082:ERROR:file_io_win.cc(180)] CreateFile C:\Program Files (x86)\Hothair\Reports\Dump\settings.dat: Access is denied. (0x5)
[1022/182241.114:ERROR:registration_protocol_win.cc(131)] TransactNamedPipe: The pipe has been ended. (0x6D)
[1022/182241.114:ERROR:file_io_win.cc(180)] CreateFile C:\Program Files (x86)\Hothair\Reports\Dump\settings.dat: Access is denied. (0x5)
[1023/083638.317:ERROR:file_io_win.cc(180)] CreateFile C:\Program Files (x86)\Hothair\Reports\Dump\settings.dat: Access is denied. (0x5)
[1023/083638.353:ERROR:registration_protocol_win.cc(131)] TransactNamedPipe: The pipe has been ended. (0x6D)
[1023/083638.357:ERROR:file_io_win.cc(180)] CreateFile C:\Program Files (x86)\Hothair\Reports\Dump\settings.dat: Access is denied. (0x5)
[1024/152908.323:ERROR:file_io_win.cc(180)] CreateFile C:\Program Files (x86)\Hothair\Reports\Dump\settings.dat: Access is denied. (0x5)
[1024/152908.432:ERROR:registration_protocol_win.cc(131)] TransactNamedPipe: The pipe has been ended. (0x6D)
[1024/152908.437:ERROR:file_io_win.cc(180)] CreateFile C:\Program Files (x86)\Hothair\Reports\Dump\settings.dat: Access is denied. (0x5)
[1025/215757.325:ERROR:file_io_win.cc(180)] CreateFile C:\Program Files (x86)\Hothair\Reports\Dump\settings.dat: Access is denied. (0x5)
[1025/215757.465:ERROR:registration_protocol_win.cc(131)] TransactNamedPipe: The pipe has been ended. (0x6D)
[1025/215757.469:ERROR:file_io_win.cc(180)] CreateFile C:\Program Files (x86)\Hothair\Reports\Dump\settings.dat: Access is denied. (0x5)
[1026/060331.414:ERROR:file_io_win.cc(180)] CreateFile C:\Program Files (x86)\Hothair\Reports\Dump\settings.dat: Access is denied. (0x5)
[1026/060331.454:ERROR:registration_protocol_win.cc(131)] TransactNamedPipe: The pipe has been ended. (0x6D)
[1026/060331.474:ERROR:file_io_win.cc(180)] CreateFile C:\Program Files (x86)\Hothair\Reports\Dump\settings.dat: Access is denied. (0x5)
[1026/061131.407:ERROR:file_io_win.cc(180)] CreateFile C:\Program Files (x86)\Hothair\Reports\Dump\settings.dat: Access is denied. (0x5)
[1026/061131.417:ERROR:registration_protocol_win.cc(131)] TransactNamedPipe: The pipe has been ended. (0x6D)
[1026/061131.423:ERROR:file_io_win.cc(180)] CreateFile C:\Program Files (x86)\Hothair\Reports\Dump\settings.dat: Access is denied. (0x5)
[1026/110925.010:ERROR:file_io_win.cc(180)] CreateFile C:\Program Files (x86)\Hothair\Reports\Dump\settings.dat: Access is denied. (0x5)
[1026/110926.979:ERROR:registration_protocol_win.cc(131)] TransactNamedPipe: The pipe has been ended. (0x6D)
[1026/110926.981:ERROR:file_io_win.cc(180)] CreateFile C:\Program Files (x86)\Hothair\Reports\Dump\settings.dat: Access is denied. (0x5)
[1026/135641.961:ERROR:file_io_win.cc(180)] CreateFile C:\Program Files (x86)\Hothair\Reports\Dump\settings.dat: Access is denied. (0x5)
[1026/135642.818:ERROR:registration_protocol_win.cc(131)] TransactNamedPipe: The pipe has been ended. (0x6D)
[1026/135642.821:ERROR:file_io_win.cc(180)] CreateFile C:\Program Files (x86)\Hothair\Reports\Dump\settings.dat: Access is denied. (0x5)
[1026/163658.475:ERROR:file_io_win.cc(180)] CreateFile C:\Program Files (x86)\Hothair\Reports\Dump\settings.dat: Access is denied. (0x5)
[1026/163658.490:ERROR:registration_protocol_win.cc(131)] TransactNamedPipe: The pipe has been ended. (0x6D)
[1026/163658.490:ERROR:file_io_win.cc(180)] CreateFile C:\Program Files (x86)\Hothair\Reports\Dump\settings.dat: Access is denied. (0x5)
[1026/202722.547:ERROR:file_io_win.cc(180)] CreateFile C:\Program Files (x86)\Hothair\Reports\Dump\settings.dat: Access is denied. (0x5)
[1026/202723.243:ERROR:registration_protocol_win.cc(131)] TransactNamedPipe: The pipe has been ended. (0x6D)
[1026/202723.253:ERROR:file_io_win.cc(180)] CreateFile C:\Program Files (x86)\Hothair\Reports\Dump\settings.dat: Access is denied. (0x5)
[1026/211704.386:ERROR:file_io_win.cc(180)] CreateFile C:\Program Files (x86)\Hothair\Reports\Dump\settings.dat: Access is denied. (0x5)
[1026/211704.491:ERROR:registration_protocol_win.cc(131)] TransactNamedPipe: The pipe has been ended. (0x6D)
[1026/211704.491:ERROR:file_io_win.cc(180)] CreateFile C:\Program Files (x86)\Hothair\Reports\Dump\settings.dat: Access is denied. (0x5)
[1026/224727.251:ERROR:file_io_win.cc(180)] CreateFile C:\Program Files (x86)\Hothair\Reports\Dump\settings.dat: Access is denied. (0x5)
[1026/224727.341:ERROR:registration_protocol_win.cc(131)] TransactNamedPipe: The pipe has been ended. (0x6D)
[1026/224727.346:ERROR:file_io_win.cc(180)] CreateFile C:\Program Files (x86)\Hothair\Reports\Dump\settings.dat: Access is denied. (0x5)
[1026/230837.240:ERROR:file_io_win.cc(180)] CreateFile C:\Program Files (x86)\Hothair\Reports\Dump\settings.dat: Access is denied. (0x5)
[1026/230837.256:ERROR:registration_protocol_win.cc(131)] TransactNamedPipe: The pipe has been ended. (0x6D)
[1026/230837.256:ERROR:file_io_win.cc(180)] CreateFile C:\Program Files (x86)\Hothair\Reports\Dump\settings.dat: Access is denied. (0x5)
[1028/133012.927:ERROR:file_io_win.cc(180)] CreateFile C:\Program Files (x86)\Hothair\Reports\Dump\settings.dat: Access is denied. (0x5)
[1028/133013.527:ERROR:registration_protocol_win.cc(131)] TransactNamedPipe: The pipe has been ended. (0x6D)
[1028/133013.527:ERROR:file_io_win.cc(180)] CreateFile C:\Program Files (x86)\Hothair\Reports\Dump\settings.dat: Access is denied. (0x5)
[1029/104007.530:ERROR:file_io_win.cc(180)] CreateFile C:\Program Files (x86)\Hothair\Reports\Dump\settings.dat: Access is denied. (0x5)
[1029/104007.670:ERROR:registration_protocol_win.cc(131)] TransactNamedPipe: The pipe has been ended. (0x6D)
[1029/104007.675:ERROR:file_io_win.cc(180)] CreateFile C:\Program Files (x86)\Hothair\Reports\Dump\settings.dat: Access is denied. (0x5)
[1030/115020.664:ERROR:file_io_win.cc(180)] CreateFile C:\Program Files (x86)\Hothair\Reports\Dump\settings.dat: Access is denied. (0x5)
[1030/115020.742:ERROR:registration_protocol_win.cc(131)] TransactNamedPipe: The pipe has been ended. (0x6D)
[1030/115020.742:ERROR:file_io_win.cc(180)] CreateFile C:\Program Files (x86)\Hothair\Reports\Dump\settings.dat: Access is denied. (0x5)
[1030/205131.037:ERROR:file_io_win.cc(180)] CreateFile C:\Program Files (x86)\Hothair\Reports\Dump\settings.dat: Access is denied. (0x5)
[1030/205131.045:ERROR:registration_protocol_win.cc(131)] TransactNamedPipe: The pipe has been ended. (0x6D)
[1030/205131.047:ERROR:file_io_win.cc(180)] CreateFile C:\Program Files (x86)\Hothair\Reports\Dump\settings.dat: Access is denied. (0x5)
[1030/211423.536:ERROR:file_io_win.cc(180)] CreateFile C:\Program Files (x86)\Hothair\Reports\Dump\settings.dat: Access is denied. (0x5)
[1030/211423.544:ERROR:registration_protocol_win.cc(131)] TransactNamedPipe: The pipe has been ended. (0x6D)
[1030/211423.546:ERROR:file_io_win.cc(180)] CreateFile C:\Program Files (x86)\Hothair\Reports\Dump\settings.dat: Access is denied. (0x5)
[1031/102409.580:ERROR:file_io_win.cc(180)] CreateFile C:\Program Files (x86)\Hothair\Reports\Dump\settings.dat: Access is denied. (0x5)
[1031/102409.783:ERROR:registration_protocol_win.cc(131)] TransactNamedPipe: The pipe has been ended. (0x6D)
[1031/102409.783:ERROR:file_io_win.cc(180)] CreateFile C:\Program Files (x86)\Hothair\Reports\Dump\settings.dat: Access is denied. (0x5)
[1101/105948.652:ERROR:file_io_win.cc(180)] CreateFile C:\Program Files (x86)\Hothair\Reports\Dump\settings.dat: Access is denied. (0x5)
[1101/105948.720:ERROR:registration_protocol_win.cc(131)] TransactNamedPipe: The pipe has been ended. (0x6D)
[1101/105948.725:ERROR:file_io_win.cc(180)] CreateFile C:\Program Files (x86)\Hothair\Reports\Dump\settings.dat: Access is denied. (0x5)
[1101/180118.314:ERROR:file_io_win.cc(180)] CreateFile C:\Program Files (x86)\Hothair\Reports\Dump\settings.dat: Access is denied. (0x5)
[1101/180118.601:ERROR:registration_protocol_win.cc(131)] TransactNamedPipe: The pipe has been ended. (0x6D)
[1101/180118.771:ERROR:file_io_win.cc(180)] CreateFile C:\Program Files (x86)\Hothair\Reports\Dump\settings.dat: Access is denied. (0x5)
[1103/093503.489:ERROR:file_io_win.cc(180)] CreateFile C:\Program Files (x86)\Hothair\Reports\Dump\settings.dat: Access is denied. (0x5)
[1103/093503.545:ERROR:registration_protocol_win.cc(131)] TransactNamedPipe: The pipe has been ended. (0x6D)
[1103/093503.553:ERROR:file_io_win.cc(180)] CreateFile C:\Program Files (x86)\Hothair\Reports\Dump\settings.dat: Access is denied. (0x5)
[1103/220115.085:ERROR:file_io_win.cc(180)] CreateFile C:\Program Files (x86)\Hothair\Reports\Dump\settings.dat: Access is denied. (0x5)
[1103/220115.140:ERROR:registration_protocol_win.cc(131)] TransactNamedPipe: The pipe has been ended. (0x6D)
[1103/220115.145:ERROR:file_io_win.cc(180)] CreateFile C:\Program Files (x86)\Hothair\Reports\Dump\settings.dat: Access is denied. (0x5)
[1104/085344.155:ERROR:file_io_win.cc(180)] CreateFile C:\Program Files (x86)\Hothair\Reports\Dump\settings.dat: Access is denied. (0x5)
[1104/085344.207:ERROR:registration_protocol_win.cc(131)] TransactNamedPipe: The pipe has been ended. (0x6D)
[1104/085344.214:ERROR:file_io_win.cc(180)] CreateFile C:\Program Files (x86)\Hothair\Reports\Dump\settings.dat: Access is denied. (0x5)
[1104/110316.198:ERROR:file_io_win.cc(180)] CreateFile C:\Program Files (x86)\Hothair\Reports\Dump\settings.dat: Access is denied. (0x5)
[1104/110316.231:ERROR:registration_protocol_win.cc(131)] TransactNamedPipe: The pipe has been ended. (0x6D)
[1104/110316.233:ERROR:file_io_win.cc(180)] CreateFile C:\Program Files (x86)\Hothair\Reports\Dump\settings.dat: Access is denied. (0x5)
[1104/120356.998:ERROR:file_io_win.cc(180)] CreateFile C:\Program Files (x86)\Hothair\Reports\Dump\settings.dat: Access is denied. (0x5)
[1104/120357.153:ERROR:registration_protocol_win.cc(131)] TransactNamedPipe: The pipe has been ended. (0x6D)
[1104/120357.161:ERROR:file_io_win.cc(180)] CreateFile C:\Program Files (x86)\Hothair\Reports\Dump\settings.dat: Access is denied. (0x5)
[1104/122328.683:ERROR:file_io_win.cc(180)] CreateFile C:\Program Files (x86)\Hothair\Reports\Dump\settings.dat: Access is denied. (0x5)
[1104/122328.792:ERROR:registration_protocol_win.cc(131)] TransactNamedPipe: The pipe has been ended. (0x6D)
[1104/122328.792:ERROR:file_io_win.cc(180)] CreateFile C:\Program Files (x86)\Hothair\Reports\Dump\settings.dat: Access is denied. (0x5)
[1104/125731.300:ERROR:file_io_win.cc(180)] CreateFile C:\Program Files (x86)\Hothair\Reports\Dump\settings.dat: Access is denied. (0x5)
[1104/125731.316:ERROR:registration_protocol_win.cc(131)] TransactNamedPipe: The pipe has been ended. (0x6D)
[1104/125731.320:ERROR:file_io_win.cc(180)] CreateFile C:\Program Files (x86)\Hothair\Reports\Dump\settings.dat: Access is denied. (0x5)
[1104/135800.371:ERROR:file_io_win.cc(180)] CreateFile C:\Program Files (x86)\Hothair\Reports\Dump\settings.dat: Access is denied. (0x5)
[1104/135800.387:ERROR:registration_protocol_win.cc(131)] TransactNamedPipe: The pipe has been ended. (0x6D)
[1104/135800.387:ERROR:file_io_win.cc(180)] CreateFile C:\Program Files (x86)\Hothair\Reports\Dump\settings.dat: Access is denied. (0x5)
[1104/140704.481:ERROR:file_io_win.cc(180)] CreateFile C:\Program Files (x86)\Hothair\Reports\Dump\settings.dat: Access is denied. (0x5)
[1104/140704.496:ERROR:registration_protocol_win.cc(131)] TransactNamedPipe: The pipe has been ended. (0x6D)
[1104/140704.496:ERROR:file_io_win.cc(180)] CreateFile C:\Program Files (x86)\Hothair\Reports\Dump\settings.dat: Access is denied. (0x5)
